2023-02-26 12:18:37,534 ERROR [http-nio-63030-exec-1][AlipayLogger.java:333] - ErrorScene^_^40004^_^ACQ.TRADE_NOT_EXIST^_^null^_^Windows 10^_^2023-02-26 12:18:37^_^ProtocalMustParams:charset=UTF-8&method=alipay.trade.query&sign=Sn/W24dfAYJ6gyWGCMuzyaN2nls0ZvcwGs1EcXxWLVMFJq/OL1hoDr6E2qSylhyylciwDnA7dHwiE/7OYaGRPwi94ym97dbiG9GeIDpRdtIpkKjNTy9h+J18e4rNoldEjoWkebG4lnVQ4Ahs3HXDCKdaBkK03W0EvYGjgbvAVTS5Ba+f5s5ds5uHkaTGShjz4q7B9Wst5lypRAv5+q1d6JhG/3ETWKlWBJ1dYgrKgYjqx+23UamV1tReYui+JLv+ScIJ9HDjKmsSVN2sheBAU5UDL0HrIjWN0aotXfY534jZsAA80Pr5rFXGj430D2FZR7unOzcHrkhHelr0f/pz8Q==&version=1.0&app_id=2016101900725017&sign_type=RSA2&timestamp=2023-02-26 12:18:37^_^ProtocalOptParams:alipay_sdk=alipay-sdk-java-3.7.73.ALL&format=json^_^ApplicationParams:biz_content={"out_trade_no":"1629685380690747400"}^_^Body:{"alipay_trade_query_response":{"code":"40004","msg":"Business Failed","sub_code":"ACQ.TRADE_NOT_EXIST","sub_msg":"交易不存在","buyer_pay_amount":"0.00","invoice_amount":"0.00","out_trade_no":"1629685380690747400","point_amount":"0.00","receipt_amount":"0.00"},"sign":"A/ldcXTEb6SxYBOS62bESNaXg1Xikfeqdo806IxYXI1PIVr3AYawdcZukPVF3kHVqp+0yKsxHWmdlcalKWDXXQRVRLflOse6XDJzP/5KZ2qaGRavpZsMyiJ0yT+3h5mA7hIn75JM/ADRIaU77HWP1sEFAfrbCRvIlM3RI49HHN5bpDMK5Kfga1fLJgXXFOWuUbHW8DZM2oCR2odmz2wnZwnfOIA296nasyCCFjJKJ3H3Llme5ZeejOcYA+7CxP9zho2j7ael4vger0ksVF9IrCGhgoxEqtCfe33vW893a9Q2M62hICgIGzy1ty3X2If5ASqHcQWJRVdaZvi0pZxW9g=="}^_^37ms,457ms,25ms
2023-02-26 12:20:46,017 ERROR [http-nio-63030-exec-1][AlipayLogger.java:333] - ErrorScene^_^40004^_^ACQ.TRADE_NOT_EXIST^_^null^_^Windows 10^_^2023-02-26 12:20:46^_^ProtocalMustParams:charset=UTF-8&method=alipay.trade.query&sign=cpO2jvcqOa7TONPO6+RrOWJ0TU6Vfofyp4HAy53gTtMP9gsMPrwDMLVkFtJUh59mDYR9Y+Tn5tSEa222NcHkXp5XtBzxY6mQpJ66tLzj3/Mh4E/GRjVhHKRJPhZcWx3NXVitbR4yZeS3QtGA8VDWvUGsSLpiEDf7AEbaT/JKqSNIV/X7yZxlLDE5EFmM2h3DgQibLsasdBCqhxGjO6UVYiSWB7fUixY+A3zpCuSJzfGHFG3ElYEQPZiTwNNCV2KGDO5Spmve97c4l3kj4rC/e2gOlXkBxYFcuGOWrvW20aTe9rniLei6G6nBjo5Z+P7rLGE1c02gwDXMEZTxcZFBJg==&version=1.0&app_id=2016101900725017&sign_type=RSA2&timestamp=2023-02-26 12:20:45^_^ProtocalOptParams:alipay_sdk=alipay-sdk-java-3.7.73.ALL&format=json^_^ApplicationParams:biz_content={"out_trade_no":"1629685380690747400"}^_^Body:{"alipay_trade_query_response":{"code":"40004","msg":"Business Failed","sub_code":"ACQ.TRADE_NOT_EXIST","sub_msg":"交易不存在","buyer_pay_amount":"0.00","invoice_amount":"0.00","out_trade_no":"1629685380690747400","point_amount":"0.00","receipt_amount":"0.00"},"sign":"A/ldcXTEb6SxYBOS62bESNaXg1Xikfeqdo806IxYXI1PIVr3AYawdcZukPVF3kHVqp+0yKsxHWmdlcalKWDXXQRVRLflOse6XDJzP/5KZ2qaGRavpZsMyiJ0yT+3h5mA7hIn75JM/ADRIaU77HWP1sEFAfrbCRvIlM3RI49HHN5bpDMK5Kfga1fLJgXXFOWuUbHW8DZM2oCR2odmz2wnZwnfOIA296nasyCCFjJKJ3H3Llme5ZeejOcYA+7CxP9zho2j7ael4vger0ksVF9IrCGhgoxEqtCfe33vW893a9Q2M62hICgIGzy1ty3X2If5ASqHcQWJRVdaZvi0pZxW9g=="}^_^38ms,293ms,22ms
2023-02-26 12:26:40,111 ERROR [http-nio-63030-exec-1][AlipayLogger.java:333] - ErrorScene^_^40004^_^ACQ.TRADE_NOT_EXIST^_^null^_^Windows 10^_^2023-02-26 12:26:40^_^ProtocalMustParams:charset=UTF-8&method=alipay.trade.query&sign=NQrV57mAA0l0u4vwtmIPmi37ZU0h5l7tSgLGa8a2V5UsqdCyWMu3v5ENnAZXe0v+Xa/E1Nd0GCkZo8B8K8RRDIP2XLHdKywzTaUqu7dL+wvff5m14zBJp4Q1IhllzyjxK3Vs63un3Fp6mWpjserkVZ4oUhVcj9yaqG6PT2/2ucifcwT04OVkovXMah6BmvY0meFQEOW75GAn1uyVAR8WUlDNZUQbb2Rs+o+dQvy4z71kvXz88MF1B7r9Qi2LaUcAHf1xluxWPJcfUiSXVkaz4peW7LhloTFVlmv9ZYTbTWEBGauwHTL6emLOCu1Gf3PEIkOM9okd9CFu5IDGYS3Tig==&version=1.0&app_id=2016101900725017&sign_type=RSA2&timestamp=2023-02-26 12:26:39^_^ProtocalOptParams:alipay_sdk=alipay-sdk-java-3.7.73.ALL&format=json^_^ApplicationParams:biz_content={"out_trade_no":"1629685380690747400"}^_^Body:{"alipay_trade_query_response":{"code":"40004","msg":"Business Failed","sub_code":"ACQ.TRADE_NOT_EXIST","sub_msg":"交易不存在","buyer_pay_amount":"0.00","invoice_amount":"0.00","out_trade_no":"1629685380690747400","point_amount":"0.00","receipt_amount":"0.00"},"sign":"A/ldcXTEb6SxYBOS62bESNaXg1Xikfeqdo806IxYXI1PIVr3AYawdcZukPVF3kHVqp+0yKsxHWmdlcalKWDXXQRVRLflOse6XDJzP/5KZ2qaGRavpZsMyiJ0yT+3h5mA7hIn75JM/ADRIaU77HWP1sEFAfrbCRvIlM3RI49HHN5bpDMK5Kfga1fLJgXXFOWuUbHW8DZM2oCR2odmz2wnZwnfOIA296nasyCCFjJKJ3H3Llme5ZeejOcYA+7CxP9zho2j7ael4vger0ksVF9IrCGhgoxEqtCfe33vW893a9Q2M62hICgIGzy1ty3X2If5ASqHcQWJRVdaZvi0pZxW9g=="}^_^35ms,440ms,31ms
2023-02-26 12:26:52,999 ERROR [http-nio-63030-exec-1][GlobalExceptionHandler.java:47] - 系统异常com.alibaba.fastjson.JSONObject cannot be cast to java.lang.String
java.lang.ClassCastException: com.alibaba.fastjson.JSONObject cannot be cast to java.lang.String
	at com.xuecheng.orders.service.impl.OrderServiceImpl.queryPayResultFromAlipay(OrderServiceImpl.java:141)
	at com.xuecheng.orders.service.impl.OrderServiceImpl.queryPayResult(OrderServiceImpl.java:107)
	at com.xuecheng.orders.service.impl.OrderServiceImpl$$FastClassBySpringCGLIB$$1ea87c83.invoke(<generated>)
	at org.springframework.cglib.proxy.MethodProxy.invoke(MethodProxy.java:218)
	at org.springframework.aop.framework.CglibAopProxy$DynamicAdvisedInterceptor.intercept(CglibAopProxy.java:687)
	at com.xuecheng.orders.service.impl.OrderServiceImpl$$EnhancerBySpringCGLIB$$8b3080d6.queryPayResult(<generated>)
	at com.xuecheng.orders.api.OrderController.payresult(OrderController.java:103)
	at sun.reflect.NativeMethodAccessorImpl.invoke0(Native Method)
	at sun.reflect.NativeMethodAccessorImpl.invoke(NativeMethodAccessorImpl.java:62)
	at sun.reflect.DelegatingMethodAccessorImpl.invoke(DelegatingMethodAccessorImpl.java:43)
	at java.lang.reflect.Method.invoke(Method.java:498)
	at org.springframework.web.method.support.InvocableHandlerMethod.doInvoke(InvocableHandlerMethod.java:190)
	at org.springframework.web.method.support.InvocableHandlerMethod.invokeForRequest(InvocableHandlerMethod.java:138)
	at org.springframework.web.servlet.mvc.method.annotation.ServletInvocableHandlerMethod.invokeAndHandle(ServletInvocableHandlerMethod.java:105)
	at org.springframework.web.servlet.mvc.method.annotation.RequestMappingHandlerAdapter.invokeHandlerMethod(RequestMappingHandlerAdapter.java:878)
	at org.springframework.web.servlet.mvc.method.annotation.RequestMappingHandlerAdapter.handleInternal(RequestMappingHandlerAdapter.java:792)
	at org.springframework.web.servlet.mvc.method.AbstractHandlerMethodAdapter.handle(AbstractHandlerMethodAdapter.java:87)
	at org.springframework.web.servlet.DispatcherServlet.doDispatch(DispatcherServlet.java:1040)
	at org.springframework.web.servlet.DispatcherServlet.doService(DispatcherServlet.java:943)
	at org.springframework.web.servlet.FrameworkServlet.processRequest(FrameworkServlet.java:1006)
	at org.springframework.web.servlet.FrameworkServlet.doGet(FrameworkServlet.java:898)
	at javax.servlet.http.HttpServlet.service(HttpServlet.java:626)
	at org.springframework.web.servlet.FrameworkServlet.service(FrameworkServlet.java:883)
	at javax.servlet.http.HttpServlet.service(HttpServlet.java:733)
	at org.apache.catalina.core.ApplicationFilterChain.internalDoFilter(ApplicationFilterChain.java:231)
	at org.apache.catalina.core.ApplicationFilterChain.doFilter(ApplicationFilterChain.java:166)
	at org.apache.tomcat.websocket.server.WsFilter.doFilter(WsFilter.java:53)
	at org.apache.catalina.core.ApplicationFilterChain.internalDoFilter(ApplicationFilterChain.java:193)
	at org.apache.catalina.core.ApplicationFilterChain.doFilter(ApplicationFilterChain.java:166)
	at org.springframework.security.web.FilterChainProxy$VirtualFilterChain.doFilter(FilterChainProxy.java:320)
	at org.springframework.security.web.access.intercept.FilterSecurityInterceptor.invoke(FilterSecurityInterceptor.java:126)
	at org.springframework.security.web.access.intercept.FilterSecurityInterceptor.doFilter(FilterSecurityInterceptor.java:90)
	at org.springframework.security.web.FilterChainProxy$VirtualFilterChain.doFilter(FilterChainProxy.java:334)
	at org.springframework.security.web.access.ExceptionTranslationFilter.doFilter(ExceptionTranslationFilter.java:118)
	at org.springframework.security.web.FilterChainProxy$VirtualFilterChain.doFilter(FilterChainProxy.java:334)
	at org.springframework.security.web.session.SessionManagementFilter.doFilter(SessionManagementFilter.java:137)
	at org.springframework.security.web.FilterChainProxy$VirtualFilterChain.doFilter(FilterChainProxy.java:334)
	at org.springframework.security.web.authentication.AnonymousAuthenticationFilter.doFilter(AnonymousAuthenticationFilter.java:111)
	at org.springframework.security.web.FilterChainProxy$VirtualFilterChain.doFilter(FilterChainProxy.java:334)
	at org.springframework.security.web.servletapi.SecurityContextHolderAwareRequestFilter.doFilter(SecurityContextHolderAwareRequestFilter.java:158)
	at org.springframework.security.web.FilterChainProxy$VirtualFilterChain.doFilter(FilterChainProxy.java:334)
	at org.springframework.security.web.savedrequest.RequestCacheAwareFilter.doFilter(RequestCacheAwareFilter.java:63)
	at org.springframework.security.web.FilterChainProxy$VirtualFilterChain.doFilter(FilterChainProxy.java:334)
	at org.springframework.security.oauth2.provider.authentication.OAuth2AuthenticationProcessingFilter.doFilter(OAuth2AuthenticationProcessingFilter.java:176)
	at org.springframework.security.web.FilterChainProxy$VirtualFilterChain.doFilter(FilterChainProxy.java:334)
	at org.springframework.security.web.authentication.logout.LogoutFilter.doFilter(LogoutFilter.java:116)
	at org.springframework.security.web.FilterChainProxy$VirtualFilterChain.doFilter(FilterChainProxy.java:334)
	at org.springframework.security.web.header.HeaderWriterFilter.doHeadersAfter(HeaderWriterFilter.java:92)
	at org.springframework.security.web.header.HeaderWriterFilter.doFilterInternal(HeaderWriterFilter.java:77)
	at org.springframework.web.filter.OncePerRequestFilter.doFilter(OncePerRequestFilter.java:119)
	at org.springframework.security.web.FilterChainProxy$VirtualFilterChain.doFilter(FilterChainProxy.java:334)
	at org.springframework.security.web.context.SecurityContextPersistenceFilter.doFilter(SecurityContextPersistenceFilter.java:105)
	at org.springframework.security.web.FilterChainProxy$VirtualFilterChain.doFilter(FilterChainProxy.java:334)
	at org.springframework.security.web.context.request.async.WebAsyncManagerIntegrationFilter.doFilterInternal(WebAsyncManagerIntegrationFilter.java:56)
	at org.springframework.web.filter.OncePerRequestFilter.doFilter(OncePerRequestFilter.java:119)
	at org.springframework.security.web.FilterChainProxy$VirtualFilterChain.doFilter(FilterChainProxy.java:334)
	at org.springframework.security.web.FilterChainProxy.doFilterInternal(FilterChainProxy.java:215)
	at org.springframework.security.web.FilterChainProxy.doFilter(FilterChainProxy.java:178)
	at org.springframework.web.filter.DelegatingFilterProxy.invokeDelegate(DelegatingFilterProxy.java:358)
	at org.springframework.web.filter.DelegatingFilterProxy.doFilter(DelegatingFilterProxy.java:271)
	at org.apache.catalina.core.ApplicationFilterChain.internalDoFilter(ApplicationFilterChain.java:193)
	at org.apache.catalina.core.ApplicationFilterChain.doFilter(ApplicationFilterChain.java:166)
	at org.springframework.web.filter.RequestContextFilter.doFilterInternal(RequestContextFilter.java:100)
	at org.springframework.web.filter.OncePerRequestFilter.doFilter(OncePerRequestFilter.java:119)
	at org.apache.catalina.core.ApplicationFilterChain.internalDoFilter(ApplicationFilterChain.java:193)
	at org.apache.catalina.core.ApplicationFilterChain.doFilter(ApplicationFilterChain.java:166)
	at org.springframework.web.filter.FormContentFilter.doFilterInternal(FormContentFilter.java:93)
	at org.springframework.web.filter.OncePerRequestFilter.doFilter(OncePerRequestFilter.java:119)
	at org.apache.catalina.core.ApplicationFilterChain.internalDoFilter(ApplicationFilterChain.java:193)
	at org.apache.catalina.core.ApplicationFilterChain.doFilter(ApplicationFilterChain.java:166)
	at org.springframework.boot.actuate.metrics.web.servlet.WebMvcMetricsFilter.doFilterInternal(WebMvcMetricsFilter.java:93)
	at org.springframework.web.filter.OncePerRequestFilter.doFilter(OncePerRequestFilter.java:119)
	at org.apache.catalina.core.ApplicationFilterChain.internalDoFilter(ApplicationFilterChain.java:193)
	at org.apache.catalina.core.ApplicationFilterChain.doFilter(ApplicationFilterChain.java:166)
	at org.springframework.web.filter.CharacterEncodingFilter.doFilterInternal(CharacterEncodingFilter.java:201)
	at org.springframework.web.filter.OncePerRequestFilter.doFilter(OncePerRequestFilter.java:119)
	at org.apache.catalina.core.ApplicationFilterChain.internalDoFilter(ApplicationFilterChain.java:193)
	at org.apache.catalina.core.ApplicationFilterChain.doFilter(ApplicationFilterChain.java:166)
	at org.apache.catalina.core.StandardWrapperValve.invoke(StandardWrapperValve.java:202)
	at org.apache.catalina.core.StandardContextValve.invoke(StandardContextValve.java:97)
	at org.apache.catalina.authenticator.AuthenticatorBase.invoke(AuthenticatorBase.java:542)
	at org.apache.catalina.core.StandardHostValve.invoke(StandardHostValve.java:143)
	at org.apache.catalina.valves.ErrorReportValve.invoke(ErrorReportValve.java:92)
	at org.apache.catalina.core.StandardEngineValve.invoke(StandardEngineValve.java:78)
	at org.apache.catalina.connector.CoyoteAdapter.service(CoyoteAdapter.java:343)
	at org.apache.coyote.http11.Http11Processor.service(Http11Processor.java:374)
	at org.apache.coyote.AbstractProcessorLight.process(AbstractProcessorLight.java:65)
	at org.apache.coyote.AbstractProtocol$ConnectionHandler.process(AbstractProtocol.java:888)
	at org.apache.tomcat.util.net.NioEndpoint$SocketProcessor.doRun(NioEndpoint.java:1597)
	at org.apache.tomcat.util.net.SocketProcessorBase.run(SocketProcessorBase.java:49)
	at java.util.concurrent.ThreadPoolExecutor.runWorker(ThreadPoolExecutor.java:1149)
	at java.util.concurrent.ThreadPoolExecutor$Worker.run(ThreadPoolExecutor.java:624)
	at org.apache.tomcat.util.threads.TaskThread$WrappingRunnable.run(TaskThread.java:61)
	at java.lang.Thread.run(Thread.java:748)
2023-02-26 12:28:57,880 ERROR [http-nio-63030-exec-1][AlipayLogger.java:333] - ErrorScene^_^40004^_^ACQ.TRADE_NOT_EXIST^_^null^_^Windows 10^_^2023-02-26 12:28:57^_^ProtocalMustParams:charset=UTF-8&method=alipay.trade.query&sign=L8/OwERxODrw0Vb99r1hF9omId1U/LhdNKLxnUi7yh31lOMj/hSHzPdIJjzut3VEiTcO/wplbGJiw5gExC3lXm6zVNeIlFJm+Qv7osbbIbfai3BBWhTzYMuvSIP0LwbV3vr/1+OoMUeCpOJapJ3RXPlgpOWfK+5xivFuXic8Ii0bBo9KLAPAEInWcJRrX89VlKWkfTMVcZtWgwqObg2QL6fCh42XNRk1bJDTaLr7rvycJBhH+4NfNAeJPG2eFrASocFdrFSDxf8bkOLTYEMuk88OXve7I/uFJZiBY7JxCT40v5VPhNUttqaBj2x7cg5hcQudhN2CXA7DUhit7DS2xw==&version=1.0&app_id=2016101900725017&sign_type=RSA2&timestamp=2023-02-26 12:28:57^_^ProtocalOptParams:alipay_sdk=alipay-sdk-java-3.7.73.ALL&format=json^_^ApplicationParams:biz_content={"out_trade_no":"1629685380690747400"}^_^Body:{"alipay_trade_query_response":{"code":"40004","msg":"Business Failed","sub_code":"ACQ.TRADE_NOT_EXIST","sub_msg":"交易不存在","buyer_pay_amount":"0.00","invoice_amount":"0.00","out_trade_no":"1629685380690747400","point_amount":"0.00","receipt_amount":"0.00"},"sign":"A/ldcXTEb6SxYBOS62bESNaXg1Xikfeqdo806IxYXI1PIVr3AYawdcZukPVF3kHVqp+0yKsxHWmdlcalKWDXXQRVRLflOse6XDJzP/5KZ2qaGRavpZsMyiJ0yT+3h5mA7hIn75JM/ADRIaU77HWP1sEFAfrbCRvIlM3RI49HHN5bpDMK5Kfga1fLJgXXFOWuUbHW8DZM2oCR2odmz2wnZwnfOIA296nasyCCFjJKJ3H3Llme5ZeejOcYA+7CxP9zho2j7ael4vger0ksVF9IrCGhgoxEqtCfe33vW893a9Q2M62hICgIGzy1ty3X2If5ASqHcQWJRVdaZvi0pZxW9g=="}^_^61ms,464ms,31ms
