2023-02-14 20:48:29,570 WARN [HikariPool-1 housekeeper][HikariPool.java:787] - HikariPool-1 - Thread starvation or clock leap detected (housekeeper delta=1h27m19s220ms265µs100ns).
2023-02-14 20:48:29,570 WARN [HikariPool-1 housekeeper][HikariPool.java:787] - HikariPool-1 - Thread starvation or clock leap detected (housekeeper delta=1h27m19s220ms265µs100ns).
2023-02-14 20:48:29,576 DEBUG [HikariPool-1 housekeeper][HikariPool.java:421] - HikariPool-1 - Pool stats (total=10, active=0, idle=10, waiting=0)
2023-02-14 20:48:29,576 DEBUG [HikariPool-1 housekeeper][HikariPool.java:421] - HikariPool-1 - Pool stats (total=10, active=0, idle=10, waiting=0)
2023-02-14 20:48:29,576 DEBUG [HikariPool-1 housekeeper][HikariPool.java:517] - HikariPool-1 - Fill pool skipped, pool is at sufficient level.
2023-02-14 20:48:29,576 DEBUG [HikariPool-1 housekeeper][HikariPool.java:517] - HikariPool-1 - Fill pool skipped, pool is at sufficient level.
2023-02-14 20:48:29,577 DEBUG [HikariPool-1 housekeeper][HikariPool.java:342] - HikariPool-1 - Add connection elided, waiting 0, queue 1
2023-02-14 20:48:29,577 DEBUG [HikariPool-1 housekeeper][HikariPool.java:342] - HikariPool-1 - Add connection elided, waiting 0, queue 1
2023-02-14 20:48:29,577 DEBUG [HikariPool-1 housekeeper][HikariPool.java:342] - HikariPool-1 - Add connection elided, waiting 0, queue 1
2023-02-14 20:48:29,577 DEBUG [HikariPool-1 housekeeper][HikariPool.java:342] - HikariPool-1 - Add connection elided, waiting 0, queue 1
2023-02-14 20:48:29,577 DEBUG [HikariPool-1 housekeeper][HikariPool.java:342] - HikariPool-1 - Add connection elided, waiting 0, queue 1
2023-02-14 20:48:29,577 DEBUG [HikariPool-1 housekeeper][HikariPool.java:342] - HikariPool-1 - Add connection elided, waiting 0, queue 1
2023-02-14 20:48:29,577 DEBUG [HikariPool-1 housekeeper][HikariPool.java:342] - HikariPool-1 - Add connection elided, waiting 0, queue 1
2023-02-14 20:48:29,577 DEBUG [HikariPool-1 housekeeper][HikariPool.java:342] - HikariPool-1 - Add connection elided, waiting 0, queue 1
2023-02-14 20:48:29,577 DEBUG [HikariPool-1 housekeeper][HikariPool.java:342] - HikariPool-1 - Add connection elided, waiting 0, queue 1
2023-02-14 20:48:29,577 DEBUG [HikariPool-1 housekeeper][HikariPool.java:342] - HikariPool-1 - Add connection elided, waiting 0, queue 1
2023-02-14 20:48:29,577 DEBUG [HikariPool-1 housekeeper][HikariPool.java:342] - HikariPool-1 - Add connection elided, waiting 0, queue 1
2023-02-14 20:48:29,577 DEBUG [HikariPool-1 housekeeper][HikariPool.java:342] - HikariPool-1 - Add connection elided, waiting 0, queue 1
2023-02-14 20:48:29,577 DEBUG [HikariPool-1 connection closer][PoolBase.java:134] - HikariPool-1 - Closing connection com.mysql.cj.jdbc.ConnectionImpl@1d10e26c: (connection has passed maxLifetime)
2023-02-14 20:48:29,577 DEBUG [HikariPool-1 housekeeper][HikariPool.java:342] - HikariPool-1 - Add connection elided, waiting 0, queue 1
2023-02-14 20:48:29,577 DEBUG [HikariPool-1 housekeeper][HikariPool.java:342] - HikariPool-1 - Add connection elided, waiting 0, queue 1
2023-02-14 20:48:29,577 DEBUG [HikariPool-1 connection closer][PoolBase.java:134] - HikariPool-1 - Closing connection com.mysql.cj.jdbc.ConnectionImpl@1d10e26c: (connection has passed maxLifetime)
2023-02-14 20:48:29,577 DEBUG [HikariPool-1 housekeeper][HikariPool.java:342] - HikariPool-1 - Add connection elided, waiting 0, queue 1
2023-02-14 20:48:29,577 DEBUG [HikariPool-1 housekeeper][HikariPool.java:342] - HikariPool-1 - Add connection elided, waiting 0, queue 1
2023-02-14 20:48:29,578 DEBUG [HikariPool-1 connection closer][PoolBase.java:134] - HikariPool-1 - Closing connection com.mysql.cj.jdbc.ConnectionImpl@247d7703: (connection has passed maxLifetime)
2023-02-14 20:48:29,578 DEBUG [HikariPool-1 connection closer][PoolBase.java:134] - HikariPool-1 - Closing connection com.mysql.cj.jdbc.ConnectionImpl@247d7703: (connection has passed maxLifetime)
2023-02-14 20:48:29,578 DEBUG [HikariPool-1 connection closer][HikariPool.java:517] - HikariPool-1 - Fill pool skipped, pool is at sufficient level.
2023-02-14 20:48:29,578 DEBUG [HikariPool-1 connection closer][PoolBase.java:134] - HikariPool-1 - Closing connection com.mysql.cj.jdbc.ConnectionImpl@6bc67275: (connection has passed maxLifetime)
2023-02-14 20:48:29,578 DEBUG [HikariPool-1 connection closer][HikariPool.java:517] - HikariPool-1 - Fill pool skipped, pool is at sufficient level.
2023-02-14 20:48:29,578 DEBUG [HikariPool-1 connection closer][PoolBase.java:134] - HikariPool-1 - Closing connection com.mysql.cj.jdbc.ConnectionImpl@6bc67275: (connection has passed maxLifetime)
2023-02-14 20:48:29,579 DEBUG [HikariPool-1 connection closer][HikariPool.java:517] - HikariPool-1 - Fill pool skipped, pool is at sufficient level.
2023-02-14 20:48:29,579 DEBUG [HikariPool-1 connection closer][PoolBase.java:134] - HikariPool-1 - Closing connection com.mysql.cj.jdbc.ConnectionImpl@28503084: (connection has passed maxLifetime)
2023-02-14 20:48:29,579 DEBUG [HikariPool-1 connection closer][HikariPool.java:517] - HikariPool-1 - Fill pool skipped, pool is at sufficient level.
2023-02-14 20:48:29,579 DEBUG [HikariPool-1 connection closer][PoolBase.java:134] - HikariPool-1 - Closing connection com.mysql.cj.jdbc.ConnectionImpl@28503084: (connection has passed maxLifetime)
2023-02-14 20:48:29,579 DEBUG [HikariPool-1 connection closer][HikariPool.java:517] - HikariPool-1 - Fill pool skipped, pool is at sufficient level.
2023-02-14 20:48:29,579 DEBUG [HikariPool-1 connection closer][HikariPool.java:517] - HikariPool-1 - Fill pool skipped, pool is at sufficient level.
2023-02-14 20:48:29,580 DEBUG [HikariPool-1 connection closer][PoolBase.java:134] - HikariPool-1 - Closing connection com.mysql.cj.jdbc.ConnectionImpl@5c01c82c: (connection has passed maxLifetime)
2023-02-14 20:48:29,580 DEBUG [HikariPool-1 connection closer][PoolBase.java:134] - HikariPool-1 - Closing connection com.mysql.cj.jdbc.ConnectionImpl@5c01c82c: (connection has passed maxLifetime)
2023-02-14 20:48:29,580 DEBUG [HikariPool-1 connection closer][HikariPool.java:517] - HikariPool-1 - Fill pool skipped, pool is at sufficient level.
2023-02-14 20:48:29,580 DEBUG [HikariPool-1 connection closer][PoolBase.java:134] - HikariPool-1 - Closing connection com.mysql.cj.jdbc.ConnectionImpl@7d622f1a: (connection has passed maxLifetime)
2023-02-14 20:48:29,580 DEBUG [HikariPool-1 connection closer][HikariPool.java:517] - HikariPool-1 - Fill pool skipped, pool is at sufficient level.
2023-02-14 20:48:29,580 DEBUG [HikariPool-1 connection closer][PoolBase.java:134] - HikariPool-1 - Closing connection com.mysql.cj.jdbc.ConnectionImpl@7d622f1a: (connection has passed maxLifetime)
2023-02-14 20:48:29,580 DEBUG [HikariPool-1 connection closer][HikariPool.java:517] - HikariPool-1 - Fill pool skipped, pool is at sufficient level.
2023-02-14 20:48:29,580 DEBUG [HikariPool-1 connection closer][HikariPool.java:517] - HikariPool-1 - Fill pool skipped, pool is at sufficient level.
2023-02-14 20:48:29,580 DEBUG [HikariPool-1 connection closer][PoolBase.java:134] - HikariPool-1 - Closing connection com.mysql.cj.jdbc.ConnectionImpl@170248a6: (connection has passed maxLifetime)
2023-02-14 20:48:29,580 DEBUG [HikariPool-1 connection closer][PoolBase.java:134] - HikariPool-1 - Closing connection com.mysql.cj.jdbc.ConnectionImpl@170248a6: (connection has passed maxLifetime)
2023-02-14 20:48:29,581 DEBUG [HikariPool-1 connection closer][HikariPool.java:517] - HikariPool-1 - Fill pool skipped, pool is at sufficient level.
2023-02-14 20:48:29,581 DEBUG [HikariPool-1 connection closer][HikariPool.java:517] - HikariPool-1 - Fill pool skipped, pool is at sufficient level.
2023-02-14 20:48:29,581 DEBUG [HikariPool-1 connection closer][PoolBase.java:134] - HikariPool-1 - Closing connection com.mysql.cj.jdbc.ConnectionImpl@dc3345a: (connection has passed maxLifetime)
2023-02-14 20:48:29,581 DEBUG [HikariPool-1 connection closer][PoolBase.java:134] - HikariPool-1 - Closing connection com.mysql.cj.jdbc.ConnectionImpl@dc3345a: (connection has passed maxLifetime)
2023-02-14 20:48:29,582 DEBUG [HikariPool-1 connection closer][HikariPool.java:517] - HikariPool-1 - Fill pool skipped, pool is at sufficient level.
2023-02-14 20:48:29,582 DEBUG [HikariPool-1 connection closer][HikariPool.java:517] - HikariPool-1 - Fill pool skipped, pool is at sufficient level.
2023-02-14 20:48:29,582 DEBUG [HikariPool-1 connection closer][PoolBase.java:134] - HikariPool-1 - Closing connection com.mysql.cj.jdbc.ConnectionImpl@6318f1ed: (connection has passed maxLifetime)
2023-02-14 20:48:29,582 DEBUG [HikariPool-1 connection closer][PoolBase.java:134] - HikariPool-1 - Closing connection com.mysql.cj.jdbc.ConnectionImpl@6318f1ed: (connection has passed maxLifetime)
2023-02-14 20:48:29,582 DEBUG [HikariPool-1 connection closer][HikariPool.java:517] - HikariPool-1 - Fill pool skipped, pool is at sufficient level.
2023-02-14 20:48:29,582 DEBUG [HikariPool-1 connection closer][HikariPool.java:517] - HikariPool-1 - Fill pool skipped, pool is at sufficient level.
2023-02-14 20:48:29,582 DEBUG [HikariPool-1 connection closer][PoolBase.java:134] - HikariPool-1 - Closing connection com.mysql.cj.jdbc.ConnectionImpl@351c0f34: (connection has passed maxLifetime)
2023-02-14 20:48:29,582 DEBUG [HikariPool-1 connection closer][PoolBase.java:134] - HikariPool-1 - Closing connection com.mysql.cj.jdbc.ConnectionImpl@351c0f34: (connection has passed maxLifetime)
2023-02-14 20:48:29,582 DEBUG [HikariPool-1 connection closer][HikariPool.java:517] - HikariPool-1 - Fill pool skipped, pool is at sufficient level.
2023-02-14 20:48:29,582 DEBUG [HikariPool-1 connection closer][HikariPool.java:517] - HikariPool-1 - Fill pool skipped, pool is at sufficient level.
2023-02-14 20:48:29,585 DEBUG [HikariPool-1 connection adder][HikariPool.java:728] - HikariPool-1 - Added connection com.mysql.cj.jdbc.ConnectionImpl@1085b39
2023-02-14 20:48:29,585 DEBUG [HikariPool-1 connection adder][HikariPool.java:728] - HikariPool-1 - Added connection com.mysql.cj.jdbc.ConnectionImpl@1085b39
2023-02-14 20:48:29,590 DEBUG [HikariPool-1 connection adder][HikariPool.java:728] - HikariPool-1 - Added connection com.mysql.cj.jdbc.ConnectionImpl@7504f4a2
2023-02-14 20:48:29,590 DEBUG [HikariPool-1 connection adder][HikariPool.java:728] - HikariPool-1 - Added connection com.mysql.cj.jdbc.ConnectionImpl@7504f4a2
2023-02-14 20:48:29,594 DEBUG [HikariPool-1 connection adder][HikariPool.java:728] - HikariPool-1 - Added connection com.mysql.cj.jdbc.ConnectionImpl@7c3145cc
2023-02-14 20:48:29,594 DEBUG [HikariPool-1 connection adder][HikariPool.java:728] - HikariPool-1 - Added connection com.mysql.cj.jdbc.ConnectionImpl@7c3145cc
2023-02-14 20:48:29,598 DEBUG [HikariPool-1 connection adder][HikariPool.java:728] - HikariPool-1 - Added connection com.mysql.cj.jdbc.ConnectionImpl@206bf2b7
2023-02-14 20:48:29,598 DEBUG [HikariPool-1 connection adder][HikariPool.java:728] - HikariPool-1 - Added connection com.mysql.cj.jdbc.ConnectionImpl@206bf2b7
2023-02-14 20:48:29,602 DEBUG [HikariPool-1 connection adder][HikariPool.java:728] - HikariPool-1 - Added connection com.mysql.cj.jdbc.ConnectionImpl@54a41165
2023-02-14 20:48:29,602 DEBUG [HikariPool-1 connection adder][HikariPool.java:728] - HikariPool-1 - Added connection com.mysql.cj.jdbc.ConnectionImpl@54a41165
2023-02-14 20:48:29,605 DEBUG [HikariPool-1 connection adder][HikariPool.java:728] - HikariPool-1 - Added connection com.mysql.cj.jdbc.ConnectionImpl@3740996c
2023-02-14 20:48:29,605 DEBUG [HikariPool-1 connection adder][HikariPool.java:728] - HikariPool-1 - Added connection com.mysql.cj.jdbc.ConnectionImpl@3740996c
2023-02-14 20:48:29,610 DEBUG [HikariPool-1 connection adder][HikariPool.java:728] - HikariPool-1 - Added connection com.mysql.cj.jdbc.ConnectionImpl@6759bd9
2023-02-14 20:48:29,610 DEBUG [HikariPool-1 connection adder][HikariPool.java:728] - HikariPool-1 - Added connection com.mysql.cj.jdbc.ConnectionImpl@6759bd9
2023-02-14 20:48:29,613 DEBUG [HikariPool-1 connection adder][HikariPool.java:728] - HikariPool-1 - Added connection com.mysql.cj.jdbc.ConnectionImpl@6f996e51
2023-02-14 20:48:29,613 DEBUG [HikariPool-1 connection adder][HikariPool.java:728] - HikariPool-1 - Added connection com.mysql.cj.jdbc.ConnectionImpl@6f996e51
2023-02-14 20:48:29,617 DEBUG [HikariPool-1 connection adder][HikariPool.java:728] - HikariPool-1 - Added connection com.mysql.cj.jdbc.ConnectionImpl@ec84181
2023-02-14 20:48:29,617 DEBUG [HikariPool-1 connection adder][HikariPool.java:728] - HikariPool-1 - Added connection com.mysql.cj.jdbc.ConnectionImpl@ec84181
2023-02-14 20:48:29,621 DEBUG [HikariPool-1 connection adder][HikariPool.java:728] - HikariPool-1 - Added connection com.mysql.cj.jdbc.ConnectionImpl@2f5f20af
2023-02-14 20:48:29,621 DEBUG [HikariPool-1 connection adder][HikariPool.java:728] - HikariPool-1 - Added connection com.mysql.cj.jdbc.ConnectionImpl@2f5f20af
